<?xml version="1.0" encoding="UTF-8"?>
<testsuite xmlns:xsi="http://www.w3.org/2001/XMLSchema-instance" xsi:noNamespaceSchemaLocation="https://maven.apache.org/surefire/maven-surefire-plugin/xsd/surefire-test-report-3.0.xsd" version="3.0" name="com.localkart.platform.notification.service.NotificationServiceTests" time="0.038" tests="4" errors="0" skipped="0" failures="0">
  <properties>
[...]
</properties>
  <testcase name="testProcessPaymentNotification" classname="com.localkart.platform.notification.service.NotificationServiceTests" time="0.02">
    <system-out><![CDATA[2026-06-20T00:03:21.916+05:30  INFO 45803 --- [notification-service] [           main] c.l.p.n.s.impl.NotificationServiceImpl   : Processing payment alert for order: ORD-123, status: SUCCESS
2026-06-20T00:03:21.917+05:30  INFO 45803 --- [notification-service] [           main] c.l.p.n.s.impl.NotificationServiceImpl   : 🔔 [PAYMENT RECORDED] Transaction details received for Order 'ORD-123'. Status: 'SUCCESS', Transaction ID: 'TRX-123', Amount: $45.0
]]></system-out>
  </testcase>
  <testcase name="testProcessOrderNotificationCancelled" classname="com.localkart.platform.notification.service.NotificationServiceTests" time="0.002">
    <system-out><![CDATA[2026-06-20T00:03:21.922+05:30  INFO 45803 --- [notification-service] [           main] c.l.p.n.s.impl.NotificationServiceImpl   : Processing order notification for type: ORDER_CANCELLED, order: ORD-123
2026-06-20T00:03:21.923+05:30  INFO 45803 --- [notification-service] [           main] c.l.p.n.s.impl.NotificationServiceImpl   : 🔔 [NOTIFICATION SENT] Email/SMS template 'ORDER_CANCELLED' sent to user: 'john' for Order 'ORD-123'. Order has been voided.
]]></system-out>
  </testcase>
  <testcase name="testProcessOrderNotificationPaid" classname="com.localkart.platform.notification.service.NotificationServiceTests" time="0.003">
    <system-out><![CDATA[2026-06-20T00:03:21.926+05:30  INFO 45803 --- [notification-service] [           main] c.l.p.n.s.impl.NotificationServiceImpl   : Processing order notification for type: ORDER_PAID, order: ORD-123
2026-06-20T00:03:21.927+05:30  INFO 45803 --- [notification-service] [           main] c.l.p.n.s.impl.NotificationServiceImpl   : 🔔 [NOTIFICATION SENT] Email/SMS template 'PAYMENT_RECEIVED' sent to user: 'john' for Order 'ORD-123'. Payment successful!
]]></system-out>
  </testcase>
  <testcase name="testProcessOrderNotificationCreated" classname="com.localkart.platform.notification.service.NotificationServiceTests" time="0.007">
    <system-out><![CDATA[2026-06-20T00:03:21.933+05:30  INFO 45803 --- [notification-service] [           main] c.l.p.n.s.impl.NotificationServiceImpl   : Processing order notification for type: ORDER_CREATED, order: ORD-123
2026-06-20T00:03:21.934+05:30  INFO 45803 --- [notification-service] [           main] c.l.p.n.s.impl.NotificationServiceImpl   : 🔔 [NOTIFICATION SENT] Email/SMS template 'ORDER_PLACED' sent to user: 'john' for Order 'ORD-123'. Total Amount: $45.0
]]></system-out>
  </testcase>
</testsuite>