<?xml version="1.0" encoding="UTF-8"?>
<testsuite xmlns:xsi="http://www.w3.org/2001/XMLSchema-instance" xsi:noNamespaceSchemaLocation="https://maven.apache.org/surefire/maven-surefire-plugin/xsd/surefire-test-report-3.0.xsd" version="3.0" name="com.localkart.platform.notification.NotificationServiceApplicationTests" time="2.82" tests="1" errors="0" skipped="0" failures="0">
  <properties>
[...]
</properties>
  <testcase name="contextLoads" classname="com.localkart.platform.notification.NotificationServiceApplicationTests" time="0.019">
    <system-out><![CDATA[00:03:19.149 [main] INFO org.springframework.test.context.support.AnnotationConfigContextLoaderUtils -- Could not detect default configuration classes for test class [com.localkart.platform.notification.NotificationServiceApplicationTests]: NotificationServiceApplicationTests does not declare any static, non-private, non-final, nested classes annotated with @Configuration.
00:03:19.206 [main] INFO org.springframework.boot.test.context.SpringBootTestContextBootstrapper -- Found @SpringBootConfiguration com.localkart.platform.notification.NotificationServiceApplication for test class com.localkart.platform.notification.NotificationServiceApplicationTests
  .   ____          _            __ _ _
 /\\ / ___'_ __ _ _(_)_ __  __ _ \ \ \ \
( ( )\___ | '_ | '_| | '_ \/ _` | \ \ \ \
 \\/  ___)| |_)| | | | | || (_| |  ) ) ) )
  '  |____| .__|_| |_|_| |_\__, | / / / /
 =========|_|==============|___/=/_/_/_/

 :: Spring Boot ::                (v3.3.0)

2026-06-20T00:03:19.453+05:30  INFO 45803 --- [notification-service] [           main] .p.n.NotificationServiceApplicationTests : Starting NotificationServiceApplicationTests using Java 26.0.1 with PID 45803 (started by deepawasthi in /Users/deepawasthi/Developer/LocalKart/notification-service)
2026-06-20T00:03:19.454+05:30  INFO 45803 --- [notification-service] [           main] .p.n.NotificationServiceApplicationTests : The following 1 profile is active: "test"
2026-06-20T00:03:20.997+05:30  WARN 45803 --- [notification-service] [           main] .s.s.UserDetailsServiceAutoConfiguration : 

Using generated security password: 13ace946-e063-4b5c-b840-1b286cb44398

This generated password is for development use only. Your security configuration must be updated before running your application in production.

2026-06-20T00:03:21.016+05:30  INFO 45803 --- [notification-service] [           main] r$InitializeUserDetailsManagerConfigurer : Global AuthenticationManager configured with UserDetailsService bean with name inMemoryUserDetailsManager
2026-06-20T00:03:21.357+05:30  INFO 45803 --- [notification-service] [           main] o.s.b.a.e.web.EndpointLinksResolver      : Exposing 2 endpoints beneath base path '/actuator'
2026-06-20T00:03:21.414+05:30  INFO 45803 --- [notification-service] [           main] o.s.s.web.DefaultSecurityFilterChain     : Will secure any request with [org.springframework.security.web.session.DisableEncodeUrlFilter@c0004b7, org.springframework.security.web.context.request.async.WebAsyncManagerIntegrationFilter@63880be9, org.springframework.security.web.context.SecurityContextHolderFilter@51df2a41, org.springframework.security.web.header.HeaderWriterFilter@4ec27c4c, org.springframework.web.filter.CorsFilter@27053257, org.springframework.security.web.authentication.logout.LogoutFilter@5d7ff311, org.springframework.security.web.savedrequest.RequestCacheAwareFilter@6297cb4b, org.springframework.security.web.servletapi.SecurityContextHolderAwareRequestFilter@4dffff9, org.springframework.security.web.authentication.AnonymousAuthenticationFilter@6a0e97fc, org.springframework.security.web.session.SessionManagementFilter@521c67f0, org.springframework.security.web.access.ExceptionTranslationFilter@55f6f965, org.springframework.security.web.access.intercept.AuthorizationFilter@7b8cb283]
2026-06-20T00:03:21.798+05:30  INFO 45803 --- [notification-service] [           main] .p.n.NotificationServiceApplicationTests : Started NotificationServiceApplicationTests in 2.527 seconds (process running for 3.137)
]]></system-out>
    <system-err><![CDATA[WARNING: A Java agent has been loaded dynamically (/Users/deepawasthi/.m2/repository/net/bytebuddy/byte-buddy-agent/1.14.16/byte-buddy-agent-1.14.16.jar)
WARNING: If a serviceability tool is in use, please run with -XX:+EnableDynamicAgentLoading to hide this warning
WARNING: If a serviceability tool is not in use, please run with -Djdk.instrument.traceUsage for more information
WARNING: Dynamic loading of agents will be disallowed by default in a future release
]]></system-err>
  </testcase>
</testsuite>