<?xml version="1.0" encoding="UTF-8"?>
<testsuite xmlns:xsi="http://www.w3.org/2001/XMLSchema-instance" xsi:noNamespaceSchemaLocation="https://maven.apache.org/surefire/maven-surefire-plugin/xsd/surefire-test-report-3.0.xsd" version="3.0" name="com.localkart.platform.order.CheckoutSagaIntegrationTests" time="3.115" tests="2" errors="0" skipped="0" failures="0">
  <properties>
[...]
</properties>
  <testcase name="testCheckoutSagaSuccess" classname="com.localkart.platform.order.CheckoutSagaIntegrationTests" time="0.225">
    <system-out><![CDATA[2026-06-20T00:03:08.505+05:30  INFO 45781 --- [order-service] [           main] t.c.s.AnnotationConfigContextLoaderUtils : Could not detect default configuration classes for test class [com.localkart.platform.order.CheckoutSagaIntegrationTests]: CheckoutSagaIntegrationTests does not declare any static, non-private, non-final, nested classes annotated with @Configuration.
2026-06-20T00:03:08.514+05:30  INFO 45781 --- [order-service] [           main] .b.t.c.SpringBootTestContextBootstrapper : Found @SpringBootConfiguration com.localkart.platform.order.OrderServiceApplication for test class com.localkart.platform.order.CheckoutSagaIntegrationTests
  .   ____          _            __ _ _
 /\\ / ___'_ __ _ _(_)_ __  __ _ \ \ \ \
( ( )\___ | '_ | '_| | '_ \/ _` | \ \ \ \
 \\/  ___)| |_)| | | | | || (_| |  ) ) ) )
  '  |____| .__|_| |_|_| |_\__, | / / / /
 =========|_|==============|___/=/_/_/_/

 :: Spring Boot ::                (v3.3.0)

2026-06-20T00:03:08.545+05:30  INFO 45781 --- [order-service] [           main] c.l.p.o.CheckoutSagaIntegrationTests     : Starting CheckoutSagaIntegrationTests using Java 26.0.1 with PID 45781 (started by deepawasthi in /Users/deepawasthi/Developer/LocalKart/order-service)
2026-06-20T00:03:08.545+05:30  INFO 45781 --- [order-service] [           main] c.l.p.o.CheckoutSagaIntegrationTests     : The following 1 profile is active: "test"
2026-06-20T00:03:08.849+05:30  INFO 45781 --- [order-service] [           main] .s.d.r.c.RepositoryConfigurationDelegate : Bootstrapping Spring Data JPA repositories in DEFAULT mode.
2026-06-20T00:03:08.875+05:30  INFO 45781 --- [order-service] [           main] .s.d.r.c.RepositoryConfigurationDelegate : Finished Spring Data repository scanning in 21 ms. Found 1 JPA repository interface.
2026-06-20T00:03:08.932+05:30  INFO 45781 --- [order-service] [           main] o.s.cloud.context.scope.GenericScope     : BeanFactory id=d5b68d2e-1dac-3bd3-9c9f-3696b6cc4f08
2026-06-20T00:03:09.378+05:30  INFO 45781 --- [order-service] [           main] o.hibernate.jpa.internal.util.LogHelper  : HHH000204: Processing PersistenceUnitInfo [name: default]
2026-06-20T00:03:09.425+05:30  INFO 45781 --- [order-service] [           main] org.hibernate.Version                    : HHH000412: Hibernate ORM core version 6.5.2.Final
2026-06-20T00:03:09.452+05:30  INFO 45781 --- [order-service] [           main] o.h.c.internal.RegionFactoryInitiator    : HHH000026: Second-level cache disabled
2026-06-20T00:03:09.531+05:30  INFO 45781 --- [order-service] [           main] o.s.o.j.p.SpringPersistenceUnitInfo      : No LoadTimeWeaver setup: ignoring JPA class transformer
2026-06-20T00:03:09.553+05:30  INFO 45781 --- [order-service] [           main] com.zaxxer.hikari.HikariDataSource       : HikariPool-1 - Starting...
2026-06-20T00:03:09.702+05:30  INFO 45781 --- [order-service] [           main] com.zaxxer.hikari.pool.HikariPool        : HikariPool-1 - Added connection conn0: url=jdbc:h2:mem:order_test_db user=SA
2026-06-20T00:03:09.703+05:30  INFO 45781 --- [order-service] [           main] com.zaxxer.hikari.HikariDataSource       : HikariPool-1 - Start completed.
2026-06-20T00:03:09.720+05:30  WARN 45781 --- [order-service] [           main] org.hibernate.orm.deprecation            : HHH90000025: H2Dialect does not need to be specified explicitly using 'hibernate.dialect' (remove the property setting and it will be selected by default)
2026-06-20T00:03:10.188+05:30  INFO 45781 --- [order-service] [           main] o.h.e.t.j.p.i.JtaPlatformInitiator       : HHH000489: No JTA platform available (set 'hibernate.transaction.jta.platform' to enable JTA platform integration)
Hibernate: drop table if exists order_items cascade 
Hibernate: drop table if exists orders cascade 
Hibernate: create table order_items (price numeric(38,2) not null, quantity integer not null check (quantity>=1), id bigint generated by default as identity, order_id bigint not null, product_sku varchar(255) not null, primary key (id))
Hibernate: create table orders (total_amount numeric(38,2) not null, created_at timestamp(6) not null, id bigint generated by default as identity, updated_at timestamp(6) not null, order_number varchar(255) not null unique, username varchar(255) not null, status enum ('CANCELLED','CREATED','PAID','PENDING_PAYMENT') not null, primary key (id))
Hibernate: alter table if exists order_items add constraint FKbioxgbv59vetrxe0ejfubep1w foreign key (order_id) references orders
2026-06-20T00:03:10.216+05:30  INFO 45781 --- [order-service] [           main] j.LocalContainerEntityManagerFactoryBean : Initialized JPA EntityManagerFactory for persistence unit 'default'
2026-06-20T00:03:10.607+05:30  WARN 45781 --- [order-service] [           main] JpaBaseConfiguration$JpaWebConfiguration : spring.jpa.open-in-view is enabled by default. Therefore, database queries may be performed during view rendering. Explicitly configure spring.jpa.open-in-view to disable this warning
2026-06-20T00:03:10.634+05:30  WARN 45781 --- [order-service] [           main] .s.s.UserDetailsServiceAutoConfiguration : 

Using generated security password: 1ac3862b-3794-4a90-8593-c7e5875c29d8

This generated password is for development use only. Your security configuration must be updated before running your application in production.

2026-06-20T00:03:10.639+05:30  INFO 45781 --- [order-service] [           main] r$InitializeUserDetailsManagerConfigurer : Global AuthenticationManager configured with UserDetailsService bean with name inMemoryUserDetailsManager
2026-06-20T00:03:10.897+05:30  INFO 45781 --- [order-service] [           main] o.s.b.a.e.web.EndpointLinksResolver      : Exposing 2 endpoints beneath base path '/actuator'
2026-06-20T00:03:10.935+05:30  INFO 45781 --- [order-service] [           main] o.s.s.web.DefaultSecurityFilterChain     : Will secure any request with [org.springframework.security.web.session.DisableEncodeUrlFilter@31a8b0bb, org.springframework.security.web.context.request.async.WebAsyncManagerIntegrationFilter@23c2c96d, org.springframework.security.web.context.SecurityContextHolderFilter@6e0d619b, org.springframework.security.web.header.HeaderWriterFilter@5df9d890, org.springframework.web.filter.CorsFilter@fac6d4a, org.springframework.security.web.authentication.logout.LogoutFilter@685e398, com.localkart.platform.shared.security.HeaderAuthenticationFilter@57e15f2d, org.springframework.security.web.savedrequest.RequestCacheAwareFilter@7c156ea, org.springframework.security.web.servletapi.SecurityContextHolderAwareRequestFilter@72f9cd3f, org.springframework.security.web.authentication.AnonymousAuthenticationFilter@23b81002, org.springframework.security.web.session.SessionManagementFilter@474172e5, org.springframework.security.web.access.ExceptionTranslationFilter@2a87d40f, org.springframework.security.web.access.intercept.AuthorizationFilter@497031ea]
2026-06-20T00:03:11.229+05:30  INFO 45781 --- [order-service] [           main] o.s.b.t.m.w.SpringBootMockServletContext : Initializing Spring TestDispatcherServlet ''
2026-06-20T00:03:11.229+05:30  INFO 45781 --- [order-service] [           main] o.s.t.web.servlet.TestDispatcherServlet  : Initializing Servlet ''
2026-06-20T00:03:11.230+05:30  INFO 45781 --- [order-service] [           main] o.s.t.web.servlet.TestDispatcherServlet  : Completed initialization in 1 ms
2026-06-20T00:03:11.318+05:30  INFO 45781 --- [order-service] [           main] c.l.p.o.CheckoutSagaIntegrationTests     : Started CheckoutSagaIntegrationTests in 2.801 seconds (process running for 5.145)
2026-06-20T00:03:11.425+05:30  INFO 45781 --- [order-service] [           main] c.l.p.order.web.rest.OrderController     : REST request to create order for user: john
2026-06-20T00:03:11.430+05:30  INFO 45781 --- [order-service] [           main] c.l.p.o.service.impl.OrderServiceImpl    : Creating order for user: john
Hibernate: insert into orders (created_at,order_number,status,total_amount,updated_at,username,id) values (?,?,?,?,?,?,default)
Hibernate: insert into order_items (order_id,price,product_sku,quantity,id) values (?,?,?,?,default)
2026-06-20T00:03:11.479+05:30  INFO 45781 --- [order-service] [           main] c.l.p.o.service.impl.OrderServiceImpl    : Requesting stock reservation for SKU: SKU-SAGA-1, Quantity: 3
2026-06-20T00:03:11.480+05:30  INFO 45781 --- [order-service] [           main] c.l.p.o.service.impl.OrderServiceImpl    : Successfully created order: ORD-3CBD532F
Hibernate: select o1_0.id,o1_0.created_at,o1_0.order_number,o1_0.status,o1_0.total_amount,o1_0.updated_at,o1_0.username from orders o1_0 where o1_0.order_number=?
2026-06-20T00:03:11.584+05:30  INFO 45781 --- [order-service] [           main] c.l.p.o.m.consumer.PaymentEventConsumer  : Received PaymentEvent for order: ORD-3CBD532F, Status: SUCCESS
2026-06-20T00:03:11.585+05:30  INFO 45781 --- [order-service] [           main] c.l.p.o.service.impl.OrderServiceImpl    : Processing payment result for order: ORD-3CBD532F, Status: SUCCESS
Hibernate: select o1_0.id,o1_0.created_at,o1_0.order_number,o1_0.status,o1_0.total_amount,o1_0.updated_at,o1_0.username from orders o1_0 where o1_0.order_number=?
2026-06-20T00:03:11.588+05:30  INFO 45781 --- [order-service] [           main] c.l.p.o.service.impl.OrderServiceImpl    : Order ORD-3CBD532F marked as PAID
Hibernate: select i1_0.order_id,i1_0.id,i1_0.price,i1_0.product_sku,i1_0.quantity from order_items i1_0 where i1_0.order_id=?
Hibernate: update orders set order_number=?,status=?,total_amount=?,updated_at=?,username=? where id=?
Hibernate: select o1_0.id,o1_0.created_at,o1_0.order_number,o1_0.status,o1_0.total_amount,o1_0.updated_at,o1_0.username from orders o1_0 where o1_0.order_number=?
]]></system-out>
  </testcase>
  <testcase name="testCheckoutSagaPaymentFailureCompensating" classname="com.localkart.platform.order.CheckoutSagaIntegrationTests" time="0.017">
    <system-out><![CDATA[2026-06-20T00:03:11.606+05:30  INFO 45781 --- [order-service] [           main] c.l.p.order.web.rest.OrderController     : REST request to create order for user: john
2026-06-20T00:03:11.607+05:30  INFO 45781 --- [order-service] [           main] c.l.p.o.service.impl.OrderServiceImpl    : Creating order for user: john
Hibernate: insert into orders (created_at,order_number,status,total_amount,updated_at,username,id) values (?,?,?,?,?,?,default)
Hibernate: insert into order_items (order_id,price,product_sku,quantity,id) values (?,?,?,?,default)
2026-06-20T00:03:11.610+05:30  INFO 45781 --- [order-service] [           main] c.l.p.o.service.impl.OrderServiceImpl    : Requesting stock reservation for SKU: SKU-SAGA-2, Quantity: 2
2026-06-20T00:03:11.610+05:30  INFO 45781 --- [order-service] [           main] c.l.p.o.service.impl.OrderServiceImpl    : Successfully created order: ORD-0A6A89CB
2026-06-20T00:03:11.612+05:30  INFO 45781 --- [order-service] [           main] c.l.p.o.m.consumer.PaymentEventConsumer  : Received PaymentEvent for order: ORD-0A6A89CB, Status: FAILED
2026-06-20T00:03:11.613+05:30  INFO 45781 --- [order-service] [           main] c.l.p.o.service.impl.OrderServiceImpl    : Processing payment result for order: ORD-0A6A89CB, Status: FAILED
Hibernate: select o1_0.id,o1_0.created_at,o1_0.order_number,o1_0.status,o1_0.total_amount,o1_0.updated_at,o1_0.username from orders o1_0 where o1_0.order_number=?
2026-06-20T00:03:11.614+05:30  INFO 45781 --- [order-service] [           main] c.l.p.o.service.impl.OrderServiceImpl    : Order ORD-0A6A89CB marked as CANCELLED due to payment failure
Hibernate: select i1_0.order_id,i1_0.id,i1_0.price,i1_0.product_sku,i1_0.quantity from order_items i1_0 where i1_0.order_id=?
2026-06-20T00:03:11.615+05:30  INFO 45781 --- [order-service] [           main] c.l.p.o.service.impl.OrderServiceImpl    : Releasing reserved stock for cancelled order ORD-0A6A89CB, SKU: SKU-SAGA-2, Quantity: 2
Hibernate: update orders set order_number=?,status=?,total_amount=?,updated_at=?,username=? where id=?
Hibernate: select o1_0.id,o1_0.created_at,o1_0.order_number,o1_0.status,o1_0.total_amount,o1_0.updated_at,o1_0.username from orders o1_0 where o1_0.order_number=?
]]></system-out>
  </testcase>
</testsuite>