<?xml version="1.0" encoding="UTF-8"?>
<testsuite xmlns:xsi="http://www.w3.org/2001/XMLSchema-instance" xsi:noNamespaceSchemaLocation="https://maven.apache.org/surefire/maven-surefire-plugin/xsd/surefire-test-report-3.0.xsd" version="3.0" name="com.localkart.platform.inventory.InventoryServiceApplicationTests" time="2.287" tests="1" errors="0" skipped="0" failures="0">
  <properties>
[...]
</properties>
  <testcase name="contextLoads" classname="com.localkart.platform.inventory.InventoryServiceApplicationTests" time="0.004">
    <system-out><![CDATA[2026-06-20T00:03:02.635+05:30  INFO 45770 --- [inventory-service] [           main] t.c.s.AnnotationConfigContextLoaderUtils : Could not detect default configuration classes for test class [com.localkart.platform.inventory.InventoryServiceApplicationTests]: InventoryServiceApplicationTests does not declare any static, non-private, non-final, nested classes annotated with @Configuration.
2026-06-20T00:03:02.640+05:30  INFO 45770 --- [inventory-service] [           main] .b.t.c.SpringBootTestContextBootstrapper : Found @SpringBootConfiguration com.localkart.platform.inventory.InventoryServiceApplication for test class com.localkart.platform.inventory.InventoryServiceApplicationTests
  .   ____          _            __ _ _
 /\\ / ___'_ __ _ _(_)_ __  __ _ \ \ \ \
( ( )\___ | '_ | '_| | '_ \/ _` | \ \ \ \
 \\/  ___)| |_)| | | | | || (_| |  ) ) ) )
  '  |____| .__|_| |_|_| |_\__, | / / / /
 =========|_|==============|___/=/_/_/_/

 :: Spring Boot ::                (v3.3.0)

2026-06-20T00:03:02.670+05:30  INFO 45770 --- [inventory-service] [           main] c.l.p.i.InventoryServiceApplicationTests : Starting InventoryServiceApplicationTests using Java 26.0.1 with PID 45770 (started by deepawasthi in /Users/deepawasthi/Developer/LocalKart/inventory-service)
2026-06-20T00:03:02.670+05:30  INFO 45770 --- [inventory-service] [           main] c.l.p.i.InventoryServiceApplicationTests : The following 1 profile is active: "test"
2026-06-20T00:03:02.983+05:30  INFO 45770 --- [inventory-service] [           main] .s.d.r.c.RepositoryConfigurationDelegate : Multiple Spring Data modules found, entering strict repository configuration mode
2026-06-20T00:03:02.983+05:30  INFO 45770 --- [inventory-service] [           main] .s.d.r.c.RepositoryConfigurationDelegate : Bootstrapping Spring Data JPA repositories in DEFAULT mode.
2026-06-20T00:03:03.005+05:30  INFO 45770 --- [inventory-service] [           main] .s.d.r.c.RepositoryConfigurationDelegate : Finished Spring Data repository scanning in 18 ms. Found 1 JPA repository interface.
2026-06-20T00:03:03.062+05:30  INFO 45770 --- [inventory-service] [           main] o.s.cloud.context.scope.GenericScope     : BeanFactory id=e4a7b1aa-4584-3cef-a506-50ccf547cce0
2026-06-20T00:03:03.317+05:30  INFO 45770 --- [inventory-service] [           main] o.hibernate.jpa.internal.util.LogHelper  : HHH000204: Processing PersistenceUnitInfo [name: default]
2026-06-20T00:03:03.350+05:30  INFO 45770 --- [inventory-service] [           main] org.hibernate.Version                    : HHH000412: Hibernate ORM core version 6.5.2.Final
2026-06-20T00:03:03.367+05:30  INFO 45770 --- [inventory-service] [           main] o.h.c.internal.RegionFactoryInitiator    : HHH000026: Second-level cache disabled
2026-06-20T00:03:03.431+05:30  INFO 45770 --- [inventory-service] [           main] o.s.o.j.p.SpringPersistenceUnitInfo      : No LoadTimeWeaver setup: ignoring JPA class transformer
2026-06-20T00:03:03.446+05:30  INFO 45770 --- [inventory-service] [           main] com.zaxxer.hikari.HikariDataSource       : HikariPool-1 - Starting...
2026-06-20T00:03:03.572+05:30  INFO 45770 --- [inventory-service] [           main] com.zaxxer.hikari.pool.HikariPool        : HikariPool-1 - Added connection conn0: url=jdbc:h2:mem:inventory_test_db user=SA
2026-06-20T00:03:03.573+05:30  INFO 45770 --- [inventory-service] [           main] com.zaxxer.hikari.HikariDataSource       : HikariPool-1 - Start completed.
2026-06-20T00:03:03.587+05:30  WARN 45770 --- [inventory-service] [           main] org.hibernate.orm.deprecation            : HHH90000025: H2Dialect does not need to be specified explicitly using 'hibernate.dialect' (remove the property setting and it will be selected by default)
2026-06-20T00:03:03.912+05:30  INFO 45770 --- [inventory-service] [           main] o.h.e.t.j.p.i.JtaPlatformInitiator       : HHH000489: No JTA platform available (set 'hibernate.transaction.jta.platform' to enable JTA platform integration)
Hibernate: drop table if exists inventories cascade 
Hibernate: create table inventories (quantity integer not null check (quantity>=0), reserved_quantity integer not null check (reserved_quantity>=0), id bigint generated by default as identity, product_sku varchar(255) not null unique, primary key (id))
2026-06-20T00:03:03.929+05:30  INFO 45770 --- [inventory-service] [           main] j.LocalContainerEntityManagerFactoryBean : Initialized JPA EntityManagerFactory for persistence unit 'default'
2026-06-20T00:03:04.237+05:30  WARN 45770 --- [inventory-service] [           main] JpaBaseConfiguration$JpaWebConfiguration : spring.jpa.open-in-view is enabled by default. Therefore, database queries may be performed during view rendering. Explicitly configure spring.jpa.open-in-view to disable this warning
2026-06-20T00:03:04.258+05:30  WARN 45770 --- [inventory-service] [           main] .s.s.UserDetailsServiceAutoConfiguration : 

Using generated security password: 1af4888b-a633-4853-b351-669ce47b8791

This generated password is for development use only. Your security configuration must be updated before running your application in production.

2026-06-20T00:03:04.260+05:30  INFO 45770 --- [inventory-service] [           main] r$InitializeUserDetailsManagerConfigurer : Global AuthenticationManager configured with UserDetailsService bean with name inMemoryUserDetailsManager
2026-06-20T00:03:04.504+05:30  INFO 45770 --- [inventory-service] [           main] o.s.b.a.e.web.EndpointLinksResolver      : Exposing 2 endpoints beneath base path '/actuator'
2026-06-20T00:03:04.530+05:30  INFO 45770 --- [inventory-service] [           main] o.s.s.web.DefaultSecurityFilterChain     : Will secure any request with [org.springframework.security.web.session.DisableEncodeUrlFilter@775e3699, org.springframework.security.web.context.request.async.WebAsyncManagerIntegrationFilter@30ee1a38, org.springframework.security.web.context.SecurityContextHolderFilter@490f4b14, org.springframework.security.web.header.HeaderWriterFilter@4f34f451, org.springframework.web.filter.CorsFilter@251e00a0, org.springframework.security.web.authentication.logout.LogoutFilter@4f72e38c, com.localkart.platform.shared.security.HeaderAuthenticationFilter@462f1d85, org.springframework.security.web.savedrequest.RequestCacheAwareFilter@1be598c, org.springframework.security.web.servletapi.SecurityContextHolderAwareRequestFilter@732d2b59, org.springframework.security.web.authentication.AnonymousAuthenticationFilter@40c31127, org.springframework.security.web.session.SessionManagementFilter@6291d30, org.springframework.security.web.access.ExceptionTranslationFilter@1752ab9b, org.springframework.security.web.access.intercept.AuthorizationFilter@2afdab87]
2026-06-20T00:03:04.865+05:30  INFO 45770 --- [inventory-service] [           main] c.l.p.i.InventoryServiceApplicationTests : Started InventoryServiceApplicationTests in 2.222 seconds (process running for 4.736)
]]></system-out>
  </testcase>
</testsuite>