<?xml version="1.0" encoding="UTF-8"?>
<testsuite xmlns:xsi="http://www.w3.org/2001/XMLSchema-instance" xsi:noNamespaceSchemaLocation="https://maven.apache.org/surefire/maven-surefire-plugin/xsd/surefire-test-report-3.0.xsd" version="3.0" name="com.localkart.platform.payment.web.rest.PaymentControllerTests" time="1.941" tests="4" errors="0" skipped="0" failures="0">
  <properties>
[...]
</properties>
  <testcase name="testGetAllPaymentsSuccess" classname="com.localkart.platform.payment.web.rest.PaymentControllerTests" time="0.121">
    <system-out><![CDATA[00:03:13.456 [main] INFO org.springframework.test.context.support.AnnotationConfigContextLoaderUtils -- Could not detect default configuration classes for test class [com.localkart.platform.payment.web.rest.PaymentControllerTests]: PaymentControllerTests does not declare any static, non-private, non-final, nested classes annotated with @Configuration.
00:03:13.534 [main] INFO org.springframework.boot.test.context.SpringBootTestContextBootstrapper -- Found @SpringBootConfiguration com.localkart.platform.payment.PaymentServiceApplication for test class com.localkart.platform.payment.web.rest.PaymentControllerTests
  .   ____          _            __ _ _
 /\\ / ___'_ __ _ _(_)_ __  __ _ \ \ \ \
( ( )\___ | '_ | '_| | '_ \/ _` | \ \ \ \
 \\/  ___)| |_)| | | | | || (_| |  ) ) ) )
  '  |____| .__|_| |_|_| |_\__, | / / / /
 =========|_|==============|___/=/_/_/_/

 :: Spring Boot ::                (v3.3.0)

2026-06-20T00:03:13.821+05:30  INFO 45791 --- [payment-service] [           main] c.l.p.p.web.rest.PaymentControllerTests  : Starting PaymentControllerTests using Java 26.0.1 with PID 45791 (started by deepawasthi in /Users/deepawasthi/Developer/LocalKart/payment-service)
2026-06-20T00:03:13.822+05:30  INFO 45791 --- [payment-service] [           main] c.l.p.p.web.rest.PaymentControllerTests  : The following 1 profile is active: "test"
2026-06-20T00:03:14.870+05:30  WARN 45791 --- [payment-service] [           main] .s.s.UserDetailsServiceAutoConfiguration : 

Using generated security password: c6ad1c9d-5042-4f66-b1a6-5c99b856cdcd

This generated password is for development use only. Your security configuration must be updated before running your application in production.

2026-06-20T00:03:14.885+05:30  INFO 45791 --- [payment-service] [           main] r$InitializeUserDetailsManagerConfigurer : Global AuthenticationManager configured with UserDetailsService bean with name inMemoryUserDetailsManager
2026-06-20T00:03:15.021+05:30  INFO 45791 --- [payment-service] [           main] o.s.s.web.DefaultSecurityFilterChain     : Will secure any request with [org.springframework.security.web.session.DisableEncodeUrlFilter@3df77dfa, org.springframework.security.web.context.request.async.WebAsyncManagerIntegrationFilter@721fc2e3, org.springframework.security.web.context.SecurityContextHolderFilter@19dac2d6, org.springframework.security.web.header.HeaderWriterFilter@211a9647, org.springframework.web.filter.CorsFilter@63187d63, org.springframework.security.web.authentication.logout.LogoutFilter@3ed7dd70, com.localkart.platform.shared.security.HeaderAuthenticationFilter@1ccdc7aa, org.springframework.security.web.savedrequest.RequestCacheAwareFilter@67eeb310, org.springframework.security.web.servletapi.SecurityContextHolderAwareRequestFilter@69e2fe3b, org.springframework.security.web.authentication.AnonymousAuthenticationFilter@1a536164, org.springframework.security.web.session.SessionManagementFilter@14be750c, org.springframework.security.web.access.ExceptionTranslationFilter@6aad919c, org.springframework.security.web.access.intercept.AuthorizationFilter@3dde5f38]
2026-06-20T00:03:15.135+05:30  INFO 45791 --- [payment-service] [           main] o.s.b.t.m.w.SpringBootMockServletContext : Initializing Spring TestDispatcherServlet ''
2026-06-20T00:03:15.135+05:30  INFO 45791 --- [payment-service] [           main] o.s.t.web.servlet.TestDispatcherServlet  : Initializing Servlet ''
2026-06-20T00:03:15.136+05:30  INFO 45791 --- [payment-service] [           main] o.s.t.web.servlet.TestDispatcherServlet  : Completed initialization in 1 ms
2026-06-20T00:03:15.151+05:30  INFO 45791 --- [payment-service] [           main] c.l.p.p.web.rest.PaymentControllerTests  : Started PaymentControllerTests in 1.582 seconds (process running for 2.089)
2026-06-20T00:03:15.214+05:30  INFO 45791 --- [payment-service] [           main] c.l.p.p.web.rest.PaymentController       : REST request to fetch all payments by user: john
]]></system-out>
    <system-err><![CDATA[WARNING: A Java agent has been loaded dynamically (/Users/deepawasthi/.m2/repository/net/bytebuddy/byte-buddy-agent/1.14.16/byte-buddy-agent-1.14.16.jar)
WARNING: If a serviceability tool is in use, please run with -XX:+EnableDynamicAgentLoading to hide this warning
WARNING: If a serviceability tool is not in use, please run with -Djdk.instrument.traceUsage for more information
WARNING: Dynamic loading of agents will be disallowed by default in a future release
]]></system-err>
  </testcase>
  <testcase name="testGetPaymentByOrderNotFound" classname="com.localkart.platform.payment.web.rest.PaymentControllerTests" time="0.018">
    <system-out><![CDATA[2026-06-20T00:03:15.291+05:30  INFO 45791 --- [payment-service] [           main] c.l.p.p.web.rest.PaymentController       : REST request to fetch payment for order: ORD-999 by user: john
2026-06-20T00:03:15.293+05:30  WARN 45791 --- [payment-service] [           main] c.l.p.s.e.GlobalExceptionHandler         : Business rule violation: Payment record not found - Code: NOT_FOUND
]]></system-out>
  </testcase>
  <testcase name="testGetPaymentByOrderUnauthenticated" classname="com.localkart.platform.payment.web.rest.PaymentControllerTests" time="0.005"/>
  <testcase name="testGetPaymentByOrderSuccess" classname="com.localkart.platform.payment.web.rest.PaymentControllerTests" time="0.006">
    <system-out><![CDATA[2026-06-20T00:03:15.307+05:30  INFO 45791 --- [payment-service] [           main] c.l.p.p.web.rest.PaymentController       : REST request to fetch payment for order: ORD-123 by user: john
]]></system-out>
  </testcase>
</testsuite>